E:\NICESHOT\GOW\1024\GODSSIKI\TOOLS\CCZTOOLS\DEBUG\APP.RES
E:\NICESHOT\GOW\1024\GODSSIKI\TOOLS\CCZTOOLS\DEBUG\ASSEMBLYINFO.OBJ
E:\NiceShot\Gow\1024\godssiki\tools\CCZTools\Debug\CCZTools.Form1.resources
E:\NiceShot\Gow\1024\godssiki\tools\CCZTools\Debug\CCZTools.ilk
E:\NICESHOT\GOW\1024\GODSSIKI\TOOLS\CCZTOOLS\DEBUG\CCZTOOLS.OBJ
E:\NICESHOT\GOW\1024\GODSSIKI\TOOLS\CCZTOOLS\DEBUG\CCZTOOLS.PCH
E:\NiceShot\Gow\1024\godssiki\tools\CCZTools\Debug\CCZTools.vcxproj.GenerateResource.Cache
E:\NiceShot\Gow\1024\godssiki\tools\CCZTools\Debug\CCZTools.vcxprojResolveAssemblyReference.cache
E:\NiceShot\Gow\1024\godssiki\tools\CCZTools\Debug\CCZTools.write.1.tlog
E:\NiceShot\Gow\1024\godssiki\tools\CCZTools\Debug\cl.command.1.tlog
E:\NiceShot\Gow\1024\godssiki\tools\CCZTools\Debug\CL.read.1.tlog
E:\NiceShot\Gow\1024\godssiki\tools\CCZTools\Debug\CL.write.1.tlog
E:\NiceShot\Gow\1024\godssiki\tools\CCZTools\Debug\FreeImageNET.dll
E:\NICESHOT\GOW\1024\GODSSIKI\TOOLS\CCZTOOLS\DEBUG\GLOBALFUNCTION.OBJ
E:\NiceShot\Gow\1024\godssiki\tools\CCZTools\Debug\link.2848.read.1.tlog
E:\NiceShot\Gow\1024\godssiki\tools\CCZTools\Debug\link.2848.write.1.tlog
E:\NiceShot\Gow\1024\godssiki\tools\CCZTools\Debug\link.command.1.tlog
E:\NiceShot\Gow\1024\godssiki\tools\CCZTools\Debug\link.read.1.tlog
E:\NiceShot\Gow\1024\godssiki\tools\CCZTools\Debug\link.write.1.tlog
E:\NiceShot\Gow\1024\godssiki\tools\CCZTools\Debug\rc.command.1.tlog
E:\NiceShot\Gow\1024\godssiki\tools\CCZTools\Debug\rc.read.1.tlog
E:\NiceShot\Gow\1024\godssiki\tools\CCZTools\Debug\rc.write.1.tlog
E:\NICESHOT\GOW\1024\GODSSIKI\TOOLS\CCZTOOLS\DEBUG\STDAFX.OBJ
E:\NICESHOT\GOW\1024\GODSSIKI\TOOLS\CCZTOOLS\DEBUG\VC100.PDB
