生成启动时间为 2015/1/28 19:38:21。
     1>项目“E:\NiceShot\Gow\1024\godssiki\tools\CCZTools\CCZTools.vcxproj”在节点 2 上(rebuild 个目标)。
     1>_PrepareForClean:
         正在删除文件“Debug\CCZTools.lastbuildstate”。
       InitializeBuildStatus:
         正在对“Debug\CCZTools.unsuccessfulbuild”执行 Touch 任务。
       ClCompile:
         D:\Program Files (x86)\Microsoft Visual Studio 10.0\VC\bin\CL.exe /c /IE:\NiceShot\Gow\1024\godofwar\vm\dependencies\include\ /I"E:\NiceShot\niceshot-engine\vm\include" /I./include/ /I/include /I/include/Phoenix /AIC:\Windows\Microsoft.NET\Framework\v2.0.50727\ /Zi /clr /nologo /W3 /WX- /Od /Oy- /D WIN32 /D _DEBUG /D PHOENIX_STATICLIB /D _MBCS /EHa /MDd /GS /fp:precise /Zc:wchar_t /Zc:forScope /Yc"StdAfx.h" /Fp"Debug\CCZTools.pch" /Fo"Debug\\" /Fd"Debug\vc100.pdb" /TP /FUE:\NiceShot\Gow\1024\godssiki\tools\CCZTools\FreeImageNET.dll /FUC:\Windows\Microsoft.NET\Framework\v2.0.50727\System.Data.dll /FUC:\Windows\Microsoft.NET\Framework\v2.0.50727\System.dll /FUC:\Windows\Microsoft.NET\Framework\v2.0.50727\System.Drawing.dll /FUC:\Windows\Microsoft.NET\Framework\v2.0.50727\System.Windows.Forms.dll /FUC:\Windows\Microsoft.NET\Framework\v2.0.50727\System.Xml.dll /analyze- /errorReport:prompt stdafx.cpp /d1clr:nostdlib -Zm500 
         stdafx.cpp
     1>E:\NiceShot\Gow\1024\godssiki\tools\CCZTools\include\PVRTexture.h : warning C4819: 该文件包含不能在当前代码页(936)中表示的字符。请将该文件保存为 Unicode 格式以防止数据丢失
     1>e:\niceshot\gow\1024\godssiki\tools\ccztools\include\PVRTexture.h : warning C4819: 该文件包含不能在当前代码页(936)中表示的字符。请将该文件保存为 Unicode 格式以防止数据丢失
     1>e:\niceshot\niceshot-engine\vm\include\PhoenixCorePrerequisites.hpp(59): warning C4005: “_T”: 宏重定义
                 D:\Program Files (x86)\Microsoft Visual Studio 10.0\VC\include\tchar.h(2388) : 参见“_T”的前一个定义
     1>e:\niceshot\niceshot-engine\vm\include\PhoenixCorePrerequisites.hpp(60): warning C4005: “_TEXT”: 宏重定义
                 D:\Program Files (x86)\Microsoft Visual Studio 10.0\VC\include\tchar.h(2389) : 参见“_TEXT”的前一个定义
         D:\Program Files (x86)\Microsoft Visual Studio 10.0\VC\bin\CL.exe /c /IE:\NiceShot\Gow\1024\godofwar\vm\dependencies\include\ /I"E:\NiceShot\niceshot-engine\vm\include" /I./include/ /I/include /I/include/Phoenix /AIC:\Windows\Microsoft.NET\Framework\v2.0.50727\ /Zi /clr /nologo /W3 /WX- /Od /Oy- /D WIN32 /D _DEBUG /D PHOENIX_STATICLIB /D _MBCS /EHa /MDd /GS /fp:precise /Zc:wchar_t /Zc:forScope /Yu"StdAfx.h" /Fp"Debug\CCZTools.pch" /Fo"Debug\\" /Fd"Debug\vc100.pdb" /TP /FUE:\NiceShot\Gow\1024\godssiki\tools\CCZTools\FreeImageNET.dll /FUC:\Windows\Microsoft.NET\Framework\v2.0.50727\System.Data.dll /FUC:\Windows\Microsoft.NET\Framework\v2.0.50727\System.dll /FUC:\Windows\Microsoft.NET\Framework\v2.0.50727\System.Drawing.dll /FUC:\Windows\Microsoft.NET\Framework\v2.0.50727\System.Windows.Forms.dll /FUC:\Windows\Microsoft.NET\Framework\v2.0.50727\System.Xml.dll /analyze- /errorReport:prompt AssemblyInfo.cpp CCZTools.cpp globalFunction.cpp /d1clr:nostdlib -Zm500 
         AssemblyInfo.cpp
         CCZTools.cpp
         globalFunction.cpp
         正在生成代码...
       CoreResGen:
         "C:\Program Files (x86)\Microsoft SDKs\Windows\v7.0A\bin\Resgen.exe" /useSourcePath /r:E:\NiceShot\Gow\1024\godssiki\tools\CCZTools\FreeImageNET.dll /r:C:\Windows\Microsoft.NET\Framework\v2.0.50727\System.Data.dll /r:C:\Windows\Microsoft.NET\Framework\v2.0.50727\System.dll /r:C:\Windows\Microsoft.NET\Framework\v2.0.50727\System.Drawing.dll /r:C:\Windows\Microsoft.NET\Framework\v2.0.50727\System.Windows.Forms.dll /r:C:\Windows\Microsoft.NET\Framework\v2.0.50727\System.Xml.dll /compile Form1.resX,Debug\CCZTools.Form1.resources
         正在将资源文件“Form1.resX”处理到“Debug\CCZTools.Form1.resources”中。
       ResourceCompile:
         C:\Program Files (x86)\Microsoft SDKs\Windows\v7.0A\bin\rc.exe /l"0x0409" /nologo /fo"Debug\app.res" app.rc 
       Link:
         D:\Program Files (x86)\Microsoft Visual Studio 10.0\VC\bin\link.exe /ERRORREPORT:PROMPT /OUT:"E:\NiceShot\Gow\1024\godssiki\tools\CCZTools\Debug\CCZTools.exe" /INCREMENTAL /NOLOGO /LIBPATH:./lib/ /LIBPATH:/lib/vc2010 /LIBPATH:"E:\NiceShot\niceshot-engine\vm\lib\vc2010" PVRTexLib.lib Phoenix_SD.lib Eidolon_SD.lib kernel32.lib user32.lib gdi32.lib winspool.lib comdlg32.lib advapi32.lib shell32.lib ole32.lib oleaut32.lib uuid.lib odbc32.lib odbccp32.lib /ASSEMBLYRESOURCE:Debug\CCZTools.Form1.resources /MANIFEST /ManifestFile:"Debug\CCZTools.exe.intermediate.manifest" /MANIFESTUAC:"level='asInvoker' uiAccess='false'" /DEBUG /PDB:"E:\NiceShot\Gow\1024\godssiki\tools\CCZTools\Debug\CCZTools.pdb" /ASSEMBLYDEBUG /SUBSYSTEM:WINDOWS /TLBID:1 /ENTRY:"?mainCRTStartupStrArray@@$$FYMHP$01AP$AAVString@System@@@Z" /DYNAMICBASE /FIXED:NO /NXCOMPAT /MACHINE:X86 Debug\app.res
         Debug\AssemblyInfo.obj
         Debug\CCZTools.obj
         Debug\globalFunction.obj
         Debug\stdafx.obj
     1>Phoenix_SD.lib(tinyxml.obj) : warning LNK4075: 忽略“/EDITANDCONTINUE”(由于“/INCREMENTAL:NO”规范)
     1>LINK : fatal error LNK1123: 转换到 COFF 期间失败: 文件无效或损坏
     1>已完成生成项目“E:\NiceShot\Gow\1024\godssiki\tools\CCZTools\CCZTools.vcxproj”(rebuild 个目标)的操作 - 失败。

生成失败。

已用时间 00:00:10.46
